#
# There is insufficient memory for the Java Runtime Environment to continue.
# Native memory allocation (mmap) failed to map 100663296 bytes. Error detail: G1 virtual space
# Possible reasons:
#   The system is out of physical RAM or swap space
#   This process is running with CompressedOops enabled, and the Java Heap may be blocking the growth of the native heap
# Possible solutions:
#   Reduce memory load on the system
#   Increase physical memory or swap space
#   Check if swap backing store is full
#   Decrease Java heap size (-Xmx/-Xms)
#   Decrease number of Java threads
#   Decrease Java thread stack sizes (-Xss)
#   Set larger code cache with -XX:ReservedCodeCacheSize=
#   JVM is running with Unscaled Compressed Oops mode in which the Java heap is
#     placed in the first 4GB address space. The Java Heap base address is the
#     maximum limit for the native heap growth. Please use -XX:HeapBaseMinAddress
#     to set the Java Heap base and to place the Java Heap above 4GB virtual address.
# This output file may be truncated or incomplete.
#
#  Out of Memory Error (os_windows.cpp:3564), pid=12688, tid=3780
#
# JRE version:  (24.0.2+12) (build )
# Java VM: OpenJDK 64-Bit Server VM (24.0.2+12, mixed mode, sharing, tiered, compressed oops, compressed class ptrs, g1 gc, windows-amd64)
# No core dump will be written. Minidumps are not enabled by default on client versions of Windows
#

---------------  S U M M A R Y ------------

Command Line: com.mycompany.gestionbiblioteca.GestionBiblioteca

Host: Intel(R) Core(TM) i5-5200U CPU @ 2.20GHz, 4 cores, 5G,  Windows 10 , 64 bit Build 19041 (10.0.19041.5915)
Time: Sat Mar  7 12:41:40 2026 Hora est. Pac璗ico, Sudam廨ica elapsed time: 0.018466 seconds (0d 0h 0m 0s)

---------------  T H R E A D  ---------------

Current thread (0x00000270a2843480):  JavaThread "Unknown thread" [_thread_in_vm, id=3780, stack(0x0000009134e00000,0x0000009134f00000) (1024K)]

Stack: [0x0000009134e00000,0x0000009134f00000]
Native frames: (J=compiled Java code, j=interpreted, Vv=VM code, C=native code)
V  [jvm.dll+0x741329]  (no source info available)
V  [jvm.dll+0x97e243]  (no source info available)
V  [jvm.dll+0x98056d]  (no source info available)
V  [jvm.dll+0x980be3]  (no source info available)
V  [jvm.dll+0x2b5a76]  (no source info available)
V  [jvm.dll+0x73d795]  (no source info available)
V  [jvm.dll+0x730f4a]  (no source info available)
V  [jvm.dll+0x39ea2a]  (no source info available)
V  [jvm.dll+0x3a67a6]  (no source info available)
V  [jvm.dll+0x392fbe]  (no source info available)
V  [jvm.dll+0x393278]  (no source info available)
V  [jvm.dll+0x36a09c]  (no source info available)
V  [jvm.dll+0x36ad5d]  (no source info available)
V  [jvm.dll+0x9409ef]  (no source info available)
V  [jvm.dll+0x40786d]  (no source info available)
V  [jvm.dll+0x928e6e]  (no source info available)
V  [jvm.dll+0x4a2d0e]  (no source info available)
V  [jvm.dll+0x4a4c41]  (no source info available)
C  [jli.dll+0x52a1]  (no source info available)
C  [ucrtbase.dll+0x21bb2]  (no source info available)
C  [KERNEL32.DLL+0x17374]  (no source info available)
C  [ntdll.dll+0x4cc91]  (no source info available)

Lock stack of current Java thread (top to bottom):


---------------  P R O C E S S  ---------------

Threads class SMR info:
_java_thread_list=0x00007ffe0818bf58, length=0, elements={
}

Java Threads: ( => current thread )
Total: 0

Other Threads:
  0x00000270a4a98f60 WorkerThread "GC Thread#0"                     [id=13536, stack(0x0000009134f00000,0x0000009135000000) (1024K)]
  0x00000270a4aa8e20 ConcurrentGCThread "G1 Main Marker"            [id=15916, stack(0x0000009135000000,0x0000009135100000) (1024K)]
  0x00000270a4aaa0d0 WorkerThread "G1 Conc#0"                       [id=6228, stack(0x0000009135100000,0x0000009135200000) (1024K)]

[error occurred during error reporting (printing all threads), id 0xc0000005, EXCEPTION_ACCESS_VIOLATION (0xc0000005) at pc=0x00007ffe077fef9a]
VM state: not at safepoint (not fully initialized)

VM Mutex/Monitor currently owned by a thread:  ([mutex/lock_event])
[0x00007ffe08215148] Heap_lock - owner thread: 0x00000270a2843480

Heap address: 0x00000000a1400000, size: 1516 MB, Compressed Oops mode: 32-bit

CDS archive(s) mapped at: [0x0000000000000000-0x0000000000000000-0x0000000000000000), size 0, SharedBaseAddress: 0x0000000800000000, ArchiveRelocationMode: 1.
UseCompressedClassPointers 1, UseCompactObjectHeaders 0
Narrow klass pointer bits 32, Max shift 3
Narrow klass base: 0xffffffffffffffff, Narrow klass shift: -1
Encoding Range: [0xffffffffffffffff - 0x000000007fffffff), (2147483648 bytes)
Klass Range:    [0x0000000000000000 - 0x0000000000000000), (0 bytes)
Klass ID Range:  [4294967295 - 0) (1)

GC Precious Log:
 CardTable entry size: 512
 Card Set container configuration: InlinePtr #cards 5 size 8 Array Of Cards #cards 10 size 36 Howl #buckets 4 coarsen threshold 1843 Howl Bitmap #cards 512 size 80 coarsen threshold 460 Card regions per heap region 1 cards per card region 2048

Heap:
 garbage-first heap   total reserved 1552384K, committed 0K, used 0K [0x00000000a1400000, 0x0000000100000000)
  region size 1024K, 0 young (0K), 0 survivors (0K)

[error occurred during error reporting (printing heap information), id 0xc0000005, EXCEPTION_ACCESS_VIOLATION (0xc0000005) at pc=0x00007ffe07c1fcd9]
GC Heap History (0 events):
No events

Dll operation events (1 events):
Event: 0.011 Loaded shared library C:\Program Files\Apache NetBeans\jdk\bin\java.dll

Deoptimization events (0 events):
No events

Classes loaded (0 events):
No events

Classes unloaded (0 events):
No events

Classes redefined (0 events):
No events

Internal exceptions (0 events):
No events

VM Operations (0 events):
No events

Memory protections (0 events):
No events

Nmethod flushes (0 events):
No events

Events (0 events):
No events


Dynamic libraries:
0x00007ff69a2c0000 - 0x00007ff69a2ce000 	C:\Program Files\Apache NetBeans\jdk\bin\java.exe
0x00007ffe58cf0000 - 0x00007ffe58ee8000 	C:\Windows\SYSTEM32\ntdll.dll
0x00007ffe56d10000 - 0x00007ffe56dd2000 	C:\Windows\System32\KERNEL32.DLL
0x00007ffe563b0000 - 0x00007ffe566a6000 	C:\Windows\System32\KERNELBASE.dll
0x00007ffe56980000 - 0x00007ffe56a80000 	C:\Windows\System32\ucrtbase.dll
0x00007ffe519d0000 - 0x00007ffe519ee000 	C:\Program Files\Apache NetBeans\jdk\bin\VCRUNTIME140.dll
0x00007ffe4fed0000 - 0x00007ffe4fee6000 	C:\Program Files\Apache NetBeans\jdk\bin\jli.dll
0x00007ffe580d0000 - 0x00007ffe58271000 	C:\Windows\System32\USER32.dll
0x00007ffe41bb0000 - 0x00007ffe41e4b000 	C:\Windows\WinSxS\amd64_microsoft.windows.common-controls_6595b64144ccf1df_6.0.19041.6456_none_60b8a6cb71f64256\COMCTL32.dll
0x00007ffe56830000 - 0x00007ffe56852000 	C:\Windows\System32\win32u.dll
0x00007ffe58280000 - 0x00007ffe5831e000 	C:\Windows\System32\msvcrt.dll
0x00007ffe58c20000 - 0x00007ffe58c4b000 	C:\Windows\System32\GDI32.dll
0x00007ffe56860000 - 0x00007ffe56979000 	C:\Windows\System32\gdi32full.dll
0x00007ffe56a80000 - 0x00007ffe56b1d000 	C:\Windows\System32\msvcp_win.dll
0x00007ffe56f90000 - 0x00007ffe56fbf000 	C:\Windows\System32\IMM32.DLL
0x00007ffe51910000 - 0x00007ffe5191c000 	C:\Program Files\Apache NetBeans\jdk\bin\vcruntime140_1.dll
0x00007ffe463f0000 - 0x00007ffe4647d000 	C:\Program Files\Apache NetBeans\jdk\bin\msvcp140.dll
0x00007ffe07480000 - 0x00007ffe082fc000 	C:\Program Files\Apache NetBeans\jdk\bin\server\jvm.dll
0x00007ffe56ed0000 - 0x00007ffe56f81000 	C:\Windows\System32\ADVAPI32.dll
0x00007ffe570c0000 - 0x00007ffe5715f000 	C:\Windows\System32\sechost.dll
0x00007ffe58330000 - 0x00007ffe58450000 	C:\Windows\System32\RPCRT4.dll
0x00007ffe56380000 - 0x00007ffe563a7000 	C:\Windows\System32\bcrypt.dll
0x00007ffe57160000 - 0x00007ffe571cb000 	C:\Windows\System32\WS2_32.dll
0x00007ffe561e0000 - 0x00007ffe5622b000 	C:\Windows\SYSTEM32\POWRPROF.dll
0x00007ffe42990000 - 0x00007ffe429b7000 	C:\Windows\SYSTEM32\WINMM.dll
0x00007ffe44f80000 - 0x00007ffe44f8a000 	C:\Windows\SYSTEM32\VERSION.dll
0x00007ffe561c0000 - 0x00007ffe561d2000 	C:\Windows\SYSTEM32\UMPDC.dll
0x00007ffe54b90000 - 0x00007ffe54ba2000 	C:\Windows\SYSTEM32\kernel.appcore.dll
0x00007ffe518b0000 - 0x00007ffe518ba000 	C:\Program Files\Apache NetBeans\jdk\bin\jimage.dll
0x00007ffe426e0000 - 0x00007ffe428e1000 	C:\Windows\SYSTEM32\DBGHELP.DLL
0x00007ffe32e80000 - 0x00007ffe32eb4000 	C:\Windows\SYSTEM32\dbgcore.DLL
0x00007ffe56b20000 - 0x00007ffe56ba2000 	C:\Windows\System32\bcryptPrimitives.dll
0x00007ffe518c0000 - 0x00007ffe518de000 	C:\Program Files\Apache NetBeans\jdk\bin\java.dll
0x00007ffe584d0000 - 0x00007ffe585fb000 	C:\Windows\System32\ole32.dll
0x00007ffe57290000 - 0x00007ffe575e4000 	C:\Windows\System32\combase.dll
0x00007ffe57900000 - 0x00007ffe58070000 	C:\Windows\System32\SHELL32.dll

JVMTI agents: none

dbghelp: loaded successfully - version: 4.0.5 - missing functions: none
symbol engine: initialized successfully - sym options: 0x614 - pdb path: .;C:\Program Files\Apache NetBeans\jdk\bin;C:\Windows\SYSTEM32;C:\Windows\WinSxS\amd64_microsoft.windows.common-controls_6595b64144ccf1df_6.0.19041.6456_none_60b8a6cb71f64256;C:\Program Files\Apache NetBeans\jdk\bin\server

VM Arguments:
java_command: com.mycompany.gestionbiblioteca.GestionBiblioteca
java_class_path (initial): C:\Users\User\Documents\NetBeansProjects\GestionBiblioteca\target\classes
Launcher Type: SUN_STANDARD

[Global flags]
     intx CICompilerCount                          = 3                                         {product} {ergonomic}
     uint ConcGCThreads                            = 1                                         {product} {ergonomic}
     uint G1ConcRefinementThreads                  = 4                                         {product} {ergonomic}
   size_t G1HeapRegionSize                         = 1048576                                   {product} {ergonomic}
   size_t InitialHeapSize                          = 100663296                                 {product} {ergonomic}
   size_t MarkStackSize                            = 4194304                                   {product} {ergonomic}
   size_t MarkStackSizeMax                         = 536870912                                 {product} {ergonomic}
   size_t MaxHeapSize                              = 1589641216                                {product} {ergonomic}
   size_t MinHeapDeltaBytes                        = 1048576                                   {product} {ergonomic}
   size_t MinHeapSize                              = 8388608                                   {product} {ergonomic}
    uintx NonNMethodCodeHeapSize                   = 5832704                                {pd product} {ergonomic}
    uintx NonProfiledCodeHeapSize                  = 122945536                              {pd product} {ergonomic}
    uintx ProfiledCodeHeapSize                     = 122880000                              {pd product} {ergonomic}
    uintx ReservedCodeCacheSize                    = 251658240                              {pd product} {ergonomic}
     bool SegmentedCodeCache                       = true                                      {product} {ergonomic}
   size_t SoftMaxHeapSize                          = 1589641216                             {manageable} {ergonomic}
     bool UseCompressedOops                        = true                           {product lp64_product} {ergonomic}
     bool UseG1GC                                  = true                                      {product} {ergonomic}
     bool UseLargePagesIndividualAllocation        = false                                  {pd product} {ergonomic}

Logging:
Log output configuration:
 #0: stdout all=warning uptime,level,tags foldmultilines=false
 #1: stderr all=off uptime,level,tags foldmultilines=false

Environment Variables:
JAVA_HOME=C:\Program Files\Apache NetBeans\jdk
PATH=C:\Program Files\Eclipse Adoptium\jdk-21.0.8.9-hotspot\bin;C:\VulkanSDK\1.4.304.1\Bin;C:\Windows\system32;C:\Windows;C:\Windows\System32\Wbem;C:\Windows\System32\WindowsPowerShell\v1.0\;C:\Windows\System32\OpenSSH\;C:\Program Files\Microsoft SQL Server\150\Tools\Binn\;C:\Users\User\AppData\Local\Microsoft\WindowsApps;C:\Users\User\AppData\Local\Programs\Microsoft VS Code\bin
USERNAME=User
OS=Windows_NT
PROCESSOR_IDENTIFIER=Intel64 Family 6 Model 61 Stepping 4, GenuineIntel
TMP=C:\Users\User\AppData\Local\Temp
TEMP=C:\Users\User\AppData\Local\Temp




Periodic native trim disabled

---------------  S Y S T E M  ---------------

OS:
 Windows 10 , 64 bit Build 19041 (10.0.19041.5915)
OS uptime: 63 days 17:15 hours

CPU: total 4 (initial active 4) (2 cores per cpu, 2 threads per core) family 6 model 61 stepping 4 microcode 0x2d, cx8, cmov, fxsr, ht, mmx, 3dnowpref, sse, sse2, sse3, ssse3, sse4.1, sse4.2, popcnt, lzcnt, tsc, tscinvbit, avx, avx2, aes, erms, clmul, bmi1, bmi2, adx, fma, vzeroupper, clflush, rdtscp, f16c
Processor Information for the first 4 processors :
  Max Mhz: 2201, Current Mhz: 2201, Mhz Limit: 2201

Memory: 4k page, system-wide physical 6057M (955M free)
TotalPageFile size 7710M (AvailPageFile size 65M)
current process WorkingSet (physical memory assigned to process): 11M, peak: 11M
current process commit charge ("private bytes"): 52M, peak: 148M

vm_info: OpenJDK 64-Bit Server VM (24.0.2+12) for windows-amd64 JRE (24.0.2+12) (Zulu24.32+13-CA), built on 2025-07-11T12:45:44Z with MS VC++ 17.1 (VS2022)

END.
